<?xml version="1.0" encoding="UTF-8"?>
<testng-results skipped="0" failed="1" ignored="0" total="3" passed="2">
  <reporter-output>
  </reporter-output>
  <suite name="Default suite" duration-ms="26148" started-at="2020-03-18T20:48:27Z" finished-at="2020-03-18T20:48:53Z">
    <groups>
    </groups>
    <test name="Default test" duration-ms="26148" started-at="2020-03-18T20:48:27Z" finished-at="2020-03-18T20:48:53Z">
      <class name="com.nopcommerce.qa.tests.ExtentReportTest">
        <test-method status="PASS" signature="setExtent()[pri:0, instance:com.nopcommerce.qa.tests.ExtentReportTest@3532ec19]" name="setExtent" is-config="true" duration-ms="388" started-at="2020-03-18T20:48:27Z" finished-at="2020-03-18T20:48:28Z">
          <reporter-output>
          </reporter-output>
        </test-method> <!-- setExtent -->
        <test-method status="PASS" signature="setUp()[pri:0, instance:com.nopcommerce.qa.tests.ExtentReportTest@3532ec19]" name="setUp" is-config="true" duration-ms="8492" started-at="2020-03-18T20:48:28Z" finished-at="2020-03-18T20:48:36Z">
          <reporter-output>
          </reporter-output>
        </test-method> <!-- setUp -->
        <test-method status="PASS" signature="loginTest()[pri:0, instance:com.nopcommerce.qa.tests.ExtentReportTest@3532ec19]" name="loginTest" duration-ms="26" started-at="2020-03-18T20:48:36Z" finished-at="2020-03-18T20:48:36Z">
          <reporter-output>
          </reporter-output>
        </test-method> <!-- loginTest -->
        <test-method status="PASS" signature="resultProduce(org.testng.ITestResult)[pri:0, instance:com.nopcommerce.qa.tests.ExtentReportTest@3532ec19]" name="resultProduce" is-config="true" duration-ms="921" started-at="2020-03-18T20:48:36Z" finished-at="2020-03-18T20:48:37Z">
          <params>
            <param index="0">
              <value>
                <![CDATA[[TestResult name=loginTest status=SUCCESS method=ExtentReportTest.loginTest()[pri:0, instance:com.nopcommerce.qa.tests.ExtentReportTest@3532ec19] output={null}]]]>
              </value>
            </param>
          </params>
          <reporter-output>
          </reporter-output>
        </test-method> <!-- resultProduce -->
        <test-method status="PASS" signature="setUp()[pri:0, instance:com.nopcommerce.qa.tests.ExtentReportTest@3532ec19]" name="setUp" is-config="true" duration-ms="7202" started-at="2020-03-18T20:48:37Z" finished-at="2020-03-18T20:48:44Z">
          <reporter-output>
          </reporter-output>
        </test-method> <!-- setUp -->
        <test-method status="PASS" signature="logoTest()[pri:0, instance:com.nopcommerce.qa.tests.ExtentReportTest@3532ec19]" name="logoTest" duration-ms="115" started-at="2020-03-18T20:48:44Z" finished-at="2020-03-18T20:48:44Z">
          <reporter-output>
          </reporter-output>
        </test-method> <!-- logoTest -->
        <test-method status="PASS" signature="resultProduce(org.testng.ITestResult)[pri:0, instance:com.nopcommerce.qa.tests.ExtentReportTest@3532ec19]" name="resultProduce" is-config="true" duration-ms="849" started-at="2020-03-18T20:48:44Z" finished-at="2020-03-18T20:48:45Z">
          <params>
            <param index="0">
              <value>
                <![CDATA[[TestResult name=logoTest status=SUCCESS method=ExtentReportTest.logoTest()[pri:0, instance:com.nopcommerce.qa.tests.ExtentReportTest@3532ec19] output={null}]]]>
              </value>
            </param>
          </params>
          <reporter-output>
          </reporter-output>
        </test-method> <!-- resultProduce -->
        <test-method status="PASS" signature="setUp()[pri:0, instance:com.nopcommerce.qa.tests.ExtentReportTest@3532ec19]" name="setUp" is-config="true" duration-ms="6550" started-at="2020-03-18T20:48:45Z" finished-at="2020-03-18T20:48:52Z">
          <reporter-output>
          </reporter-output>
        </test-method> <!-- setUp -->
        <test-method status="FAIL" signature="titleTest()[pri:0, instance:com.nopcommerce.qa.tests.ExtentReportTest@3532ec19]" name="titleTest" duration-ms="22" started-at="2020-03-18T20:48:52Z" finished-at="2020-03-18T20:48:52Z">
          <exception class="java.lang.AssertionError">
            <message>
              <![CDATA[expected [Store Demo - nopCommerc] but found [Store Demo - nopCommerce]]]>
            </message>
            <full-stacktrace>
              <![CDATA[java.lang.AssertionError: expected [Store Demo - nopCommerc] but found [Store Demo - nopCommerce]
at org.testng.Assert.fail(Assert.java:96)
at org.testng.Assert.failNotEquals(Assert.java:776)
at org.testng.Assert.assertEqualsImpl(Assert.java:137)
at org.testng.Assert.assertEquals(Assert.java:118)
at org.testng.Assert.assertEquals(Assert.java:453)
at org.testng.Assert.assertEquals(Assert.java:463)
at com.nopcommerce.qa.tests.ExtentReportTest.titleTest(ExtentReportTest.java:70)
at sun.reflect.NativeMethodAccessorImpl.invoke0(Native Method)
at sun.reflect.NativeMethodAccessorImpl.invoke(NativeMethodAccessorImpl.java:62)
at sun.reflect.DelegatingMethodAccessorImpl.invoke(DelegatingMethodAccessorImpl.java:43)
at java.lang.reflect.Method.invoke(Method.java:498)
at org.testng.internal.MethodInvocationHelper.invokeMethod(MethodInvocationHelper.java:124)
at org.testng.internal.Invoker.invokeMethod(Invoker.java:583)
at org.testng.internal.Invoker.invokeTestMethod(Invoker.java:719)
at org.testng.internal.Invoker.invokeTestMethods(Invoker.java:989)
at org.testng.internal.TestMethodWorker.invokeTestMethods(TestMethodWorker.java:125)
at org.testng.internal.TestMethodWorker.run(TestMethodWorker.java:109)
at org.testng.TestRunner.privateRun(TestRunner.java:648)
at org.testng.TestRunner.run(TestRunner.java:505)
at org.testng.SuiteRunner.runTest(SuiteRunner.java:455)
at org.testng.SuiteRunner.runSequentially(SuiteRunner.java:450)
at org.testng.SuiteRunner.privateRun(SuiteRunner.java:415)
at org.testng.SuiteRunner.run(SuiteRunner.java:364)
at org.testng.SuiteRunnerWorker.runSuite(SuiteRunnerWorker.java:52)
at org.testng.SuiteRunnerWorker.run(SuiteRunnerWorker.java:84)
at org.testng.TestNG.runSuitesSequentially(TestNG.java:1208)
at org.testng.TestNG.runSuitesLocally(TestNG.java:1137)
at org.testng.TestNG.runSuites(TestNG.java:1049)
at org.testng.TestNG.run(TestNG.java:1017)
at org.testng.remote.AbstractRemoteTestNG.run(AbstractRemoteTestNG.java:114)
at org.testng.remote.RemoteTestNG.initAndRun(RemoteTestNG.java:251)
at org.testng.remote.RemoteTestNG.main(RemoteTestNG.java:77)
]]>
            </full-stacktrace>
          </exception> <!-- java.lang.AssertionError -->
          <reporter-output>
          </reporter-output>
        </test-method> <!-- titleTest -->
        <test-method status="PASS" signature="resultProduce(org.testng.ITestResult)[pri:0, instance:com.nopcommerce.qa.tests.ExtentReportTest@3532ec19]" name="resultProduce" is-config="true" duration-ms="883" started-at="2020-03-18T20:48:52Z" finished-at="2020-03-18T20:48:53Z">
          <params>
            <param index="0">
              <value>
                <![CDATA[[TestResult name=titleTest status=FAILURE method=ExtentReportTest.titleTest()[pri:0, instance:com.nopcommerce.qa.tests.ExtentReportTest@3532ec19] output={null}]]]>
              </value>
            </param>
          </params>
          <reporter-output>
          </reporter-output>
        </test-method> <!-- resultProduce -->
        <test-method status="PASS" signature="endReport()[pri:0, instance:com.nopcommerce.qa.tests.ExtentReportTest@3532ec19]" name="endReport" is-config="true" duration-ms="642" started-at="2020-03-18T20:48:53Z" finished-at="2020-03-18T20:48:53Z">
          <reporter-output>
          </reporter-output>
        </test-method> <!-- endReport -->
      </class> <!-- com.nopcommerce.qa.tests.ExtentReportTest -->
    </test> <!-- Default test -->
  </suite> <!-- Default suite -->
</testng-results>
